<?xml version="1.0" encoding="UTF-8"?>
<!-- Generated by org.testng.reporters.JUnitReportReporter -->
<testsuite hostname="LP-5CD8071T53" name="Validations.HomePage" tests="1" failures="0" timestamp="27 Apr 2022 10:50:38 GMT" time="27.075" errors="0">
  <testcase name="PageNavigation" time="27.075" classname="Validations.HomePage"/>
</testsuite> <!-- Validations.HomePage -->
